执行日期：2022-07-05 14:18:40
【IDO订单发放B币】order_id:1。转账API:{"code":1,"msg":"success","data":"0xc847e14d3e4ec61bd42061a1367cbb253b15860a6d397aebb953583e32c9a983"}
执行日期：2022-07-05 14:19:15
2022-07-05 14:19:15error--order|partner|1【回调消息】：error null

执行日期：2022-07-05 14:19:28
【合伙人质押发放B币】order_id:1。转账API:{"code":1,"msg":"success","data":"0xbabbb8ec023f97b94838d80612ee510e9b03759394a73e53d434e2c544fae6e1"}
执行日期：2022-07-05 14:38:08
2022-07-05 14:38:08error--order|ido|2【回调消息】：error null

执行日期：2022-07-05 14:38:14
2022-07-05 14:38:14error--order|ido|3【回调消息】：error null

执行日期：2022-07-05 14:38:25
【IDO订单发放B币】order_id:2。转账API:{"code":1,"msg":"success","data":"0x7dc689aed675a9f62ee174eff842eca6b7fb240f80897d9305b760ea68ff2275"}
执行日期：2022-07-05 14:38:34
【IDO订单发放B币】order_id:3。转账API:{"code":1,"msg":"success","data":"0x2689329f21673bca65a51ab870932b35c79a07e416362afe7e007e5da61bb298"}
执行日期：2022-07-05 14:38:39
【IDO订单发放B币】order_id:4。转账API:{"code":1,"msg":"success","data":"0xa625c460059f4fb4af9a9e6dd6c344fcfb26ac9011121bd338f969f2a2398052"}
执行日期：2022-07-05 14:40:09
2022-07-05 14:40:09error--order|ido|5【回调消息】：error null

执行日期：2022-07-05 14:40:14
2022-07-05 14:40:14error--order|ido|6【回调消息】：error null

执行日期：2022-07-05 14:40:24
【IDO订单发放B币】order_id:5。转账API:{"code":1,"msg":"success","data":"0x3dfb53c167933edee847d6b13b27f98b504bacdb9911ba25a450b3bfe3cb0110"}
执行日期：2022-07-05 14:40:31
【IDO订单发放B币】order_id:6。转账API:{"code":1,"msg":"success","data":"0xb21e6b1aa26c6247051b6e129a6ca78112b2af5fb1721f34a12ad5ca2a7aa072"}
执行日期：2022-07-05 14:40:47
2022-07-05 14:40:47error--order|ido|7【回调消息】：error null

执行日期：2022-07-05 14:40:52
2022-07-05 14:40:52error--order|ido|7【回调消息】：error null

执行日期：2022-07-05 14:41:04
【IDO订单发放B币】order_id:7。转账API:{"code":1,"msg":"success","data":"0x77161946d2ed1baca1d869dbd3504199cac414aeaf080b358d7e17353daef187"}
执行日期：2022-07-05 14:41:34
2022-07-05 14:41:34error--order|ido|8【回调消息】：error null

执行日期：2022-07-05 14:41:46
【IDO订单发放B币】order_id:8。转账API:{"code":1,"msg":"success","data":"0x8d0ea69384bf4fd1998f264df97065ef360ecb4cb0fd84b15cfef62b9548d86c"}
执行日期：2022-07-05 14:42:11
2022-07-05 14:42:11error--order|ido|9【回调消息】：error null

执行日期：2022-07-05 14:42:22
【IDO订单发放B币】order_id:9。转账API:{"code":1,"msg":"success","data":"0xa9fc201ccfe6a3cc435cfd4f082c2daa47845e42e99ce04ed7faa4250f040912"}
执行日期：2022-07-05 14:42:57
2022-07-05 14:42:57error--order|ido|10【回调消息】：error null

执行日期：2022-07-05 14:43:10
【IDO订单发放B币】order_id:10。转账API:{"code":1,"msg":"success","data":"0xbc5759bd0813ac5405eeb99eb3bc730556d3bf38e339aea0a2f6ed9bc657118b"}
执行日期：2022-07-05 14:43:55
2022-07-05 14:43:55error--order|ido|11【回调消息】：error null

执行日期：2022-07-05 14:44:06
【IDO订单发放B币】order_id:11。转账API:{"code":1,"msg":"success","data":"0xe6291e1d6f2b9fdcaa1e72ef9ecdcd2517dd87b5aca10a6b2bf63f3c05e4259c"}
执行日期：2022-07-05 14:44:11
2022-07-05 14:44:11error--order|ido|12【回调消息】：error null

执行日期：2022-07-05 14:44:25
【IDO订单发放B币】order_id:12。转账API:{"code":1,"msg":"success","data":"0x2eab770c1421217ac4030ed97aa27ac288258cb7e1098b6e296eefd2f93bcd0e"}
执行日期：2022-07-05 14:44:30
2022-07-05 14:44:30error--order|ido|13【回调消息】：error null

执行日期：2022-07-05 14:44:40
【IDO订单发放B币】order_id:13。转账API:{"code":1,"msg":"success","data":"0xc7534e37749230a5caf39bd4b3aa7997a288a77dc090f704d0c61d6eff34ffd5"}
执行日期：2022-07-05 14:45:23
order|nft|1【查询是否到账开始】
执行日期：2022-07-05 14:45:28
支付成功
执行日期：2022-07-05 14:45:37
【合伙人质押赎回】order_id:1。转账API:{"code":1,"msg":"success","data":"0xb0045331c0660af76aa1436fe6bd4621ffde7c0302c0a4e0ea02fbbddd5f71cf"}
执行日期：2022-07-05 14:48:52
partner_pay|partner|1认购A币付款查询
执行日期：2022-07-05 14:51:03
transaction|nft|1【查询是否到账开始】
执行日期：2022-07-05 14:51:03
transaction|nft|1【NFT查询是否到账开始】{"code":0,"msg":"error null","data":null}
执行日期：2022-07-05 14:51:03
2022-07-05 14:51:03error--transaction|nft|1【回调消息】：error null

执行日期：2022-07-05 14:51:08
transaction|nft|1【查询是否到账开始】
执行日期：2022-07-05 14:51:08
transaction|nft|1【NFT查询是否到账开始】{"code":1,"msg":"success","data":{"blockHash":"0x05d59febe7da918ca1feec51fd3aae5442ff86fa30ee243362c9be58aa1e8bd8","blockNumber":19287272,"from":"0xAB87A677773dC6117d7368345f7E9a7437DB2f87","gas":51103,"gasPrice":"5355000000","hash":"0xd92ebdec951e1b392d753520ac865201e0de9a9415bf7f904a748e75a7493948","input":"0xa9059cbb000000000000000000000000f24b387c76e61672096e7a8b4fcf6e6cfb898d34000000000000000000000000000000000000000000000000016345785d8a0000","nonce":60,"to":"0x55d398326f99059fF775485246999027B3197955","transactionIndex":62,"value":"0","type":"0x0","v":"0x93","r":"0xc10e68aaeae9b3ea14ab888f79dfedee4f59ac1fadef9522f7d3a9622ccbaf6a","s":"0x1301986b77755c22964554d490221401c39e4d470cbeb0a0ed354948ffd7abf","to_address":"0xf24B387C76e61672096E7a8B4fcF6e6cFB898d34","amount":"100000000000000000"}}
执行日期：2022-07-05 14:51:08
marketPaySuccess进来了
执行日期：2022-07-05 14:52:13
2022-07-05 14:52:13error--order|partner|2【回调消息】：error null

执行日期：2022-07-05 14:52:25
【合伙人质押发放B币】order_id:2。转账API:{"code":1,"msg":"success","data":"0x5edcd2f6caeb7b07ee7e91841b62427ad9ac051d9740ec00bd2c78b460277d75"}
执行日期：2022-07-05 14:52:31
【合伙人质押发放B币】order_id:3。转账API:{"code":1,"msg":"success","data":"0x5521ef84a6c68cc73a0f46b088bd8b36e093237b628d9fac5c5936ca62f4329b"}
执行日期：2022-07-05 14:52:37
【合伙人质押发放B币】order_id:4。转账API:{"code":1,"msg":"success","data":"0x9e8772679412e7117723c444571f32e9bb548f89712b9b2de3d71f7bc5bfc9fb"}
执行日期：2022-07-05 14:52:43
【合伙人质押发放B币】order_id:5。转账API:{"code":1,"msg":"success","data":"0x29146d897d0468df0cc44363030ca87035a3199b69cfd3c27a5cbf283a8d0ca7"}
执行日期：2022-07-05 14:57:50
transaction|nft|2【查询是否到账开始】
执行日期：2022-07-05 14:57:51
transaction|nft|2【NFT查询是否到账开始】{"code":0,"msg":"error null","data":null}
执行日期：2022-07-05 14:57:51
2022-07-05 14:57:51error--transaction|nft|2【回调消息】：error null

执行日期：2022-07-05 14:57:56
transaction|nft|2【查询是否到账开始】
执行日期：2022-07-05 14:57:56
transaction|nft|2【NFT查询是否到账开始】{"code":1,"msg":"success","data":{"blockHash":"0x7954ba15f4062416aef0c967fa56173229c9542d6508133e0215482fe6e83772","blockNumber":19287409,"from":"0xAB87A677773dC6117d7368345f7E9a7437DB2f87","gas":51103,"gasPrice":"5355000000","hash":"0xe304c6f82e29c05acf303f45ea083cdb1b618d79d536be5c697e56203ba47fc3","input":"0xa9059cbb000000000000000000000000f24b387c76e61672096e7a8b4fcf6e6cfb898d34000000000000000000000000000000000000000000000000016345785d8a0000","nonce":64,"to":"0x55d398326f99059fF775485246999027B3197955","transactionIndex":47,"value":"0","type":"0x0","v":"0x93","r":"0x401c3e0346f733b2bbe437ca1704cecfe248ccea5928a2fe8be255f164d9395","s":"0x45c5b1bb190c2e08290a23332f89d4c23b2ea83efc3dd1e0220595eaa8be56cf","to_address":"0xf24B387C76e61672096E7a8B4fcF6e6cFB898d34","amount":"100000000000000000"}}
执行日期：2022-07-05 14:57:56
marketPaySuccess进来了
执行日期：2022-07-05 15:00:03
2022-07-05 15:00:03error--order|ido|14【回调消息】：error null

执行日期：2022-07-05 15:00:17
【IDO订单发放B币】order_id:14。转账API:{"code":1,"msg":"success","data":"0xea3598acdd2bd5f9296ebea7e6c1823c8c88c12603d5682be32353d941e1d671"}
执行日期：2022-07-05 15:01:28
【IDO订单发放B币】order_id:15。转账API:{"code":1,"msg":"success","data":"0x48d02656220295cc862eda26de40a81927009337e5aefcda45dfd7245c0f304b"}
执行日期：2022-07-05 15:01:38
2022-07-05 15:01:38error--order|ido|16【回调消息】：error null

执行日期：2022-07-05 15:01:52
【IDO订单发放B币】order_id:16。转账API:{"code":1,"msg":"success","data":"0x0b4e817403a9095629969d9de5498dc0ca1e2f20c9b5d4cd19071dbf7722820c"}
执行日期：2022-07-05 15:02:25
【IDO订单发放B币】order_id:17。转账API:{"code":1,"msg":"success","data":"0x2815d95bdd4141b15e63d72a495951185c33d807f11a28f513103cbbc903cdc7"}
执行日期：2022-07-05 15:02:45
【IDO订单发放B币】order_id:18。转账API:{"code":1,"msg":"success","data":"0xa59f2fa262f263a75a299bfcdac22608dcafe1dd2affd8d1274f4e33683da480"}
执行日期：2022-07-05 15:02:51
2022-07-05 15:02:51error--order|ido|19【回调消息】：error null

执行日期：2022-07-05 15:03:00
【IDO订单发放B币】order_id:19。转账API:{"code":1,"msg":"success","data":"0x4864f7737352b3f774afef7f9979c5308758226bae74220917a6aa5bbe0c9f43"}
执行日期：2022-07-05 15:10:52
2022-07-05 15:10:52error--order|ido|20【回调消息】：error null

执行日期：2022-07-05 15:11:04
【IDO订单发放B币】order_id:20。转账API:{"code":1,"msg":"success","data":"0x74d37c9c60942bf42d2cee1066a307d3f347a8222892d553f325405736318dfb"}
执行日期：2022-07-05 15:11:25
【IDO订单发放B币】order_id:21。转账API:{"code":1,"msg":"success","data":"0xd4c3bc6b8045ff6b544ec508b7aba2c0610457f176b4db4106b79d747618b0c9"}
执行日期：2022-07-05 15:12:02
order|nft|4【查询是否到账开始】
执行日期：2022-07-05 15:12:02
2022-07-05 15:12:02error--order|nft|4【回调消息】：error null

执行日期：2022-07-05 15:12:07
order|nft|4【查询是否到账开始】
执行日期：2022-07-05 15:12:13
支付成功
执行日期：2022-07-05 15:12:22
【合伙人质押赎回】order_id:2。转账API:{"code":1,"msg":"success","data":"0x11b97ffedd4fdad82d2ba753d44033d066fab5c5ec830c34370e3c6c4d651a99"}
执行日期：2022-07-05 15:18:17
2022-07-05 15:18:17error--order|ido|22【回调消息】：error null

执行日期：2022-07-05 15:18:31
【bindRelation】API:{"code":1,"msg":"success","data":{"blockHash":"0xbcc6bfd2632aec0ed395413aeb71cae6eb444aadd0362da2298563aca0f856e6","blockNumber":19287821,"contractAddress":null,"cumulativeGasUsed":8915535,"from":"0xf8629f73c5e6acb5364911b55133e7e414f5f139","gasUsed":69392,"logsBloom":"0x00000000000000000000000000000000000000000000000000000000000000000000000000000000000000000000000000000000000000000000000000000000000000000000000000000000000000000000000000000000000000000000000000000000000000000000000000000000000000000000200000000000000000000000000000000000000000000000000000000000000000000000000000000000000000000000000000000000000000000000040000000000000000000400000000000000000000000000000000000000000000000000000000000000000000000000000000000010000000000002000000000000000800000000000000000000","status":true,"to":"0x853f2b2adc10e1fa307693da7d23cfe65814caa3","transactionHash":"0x3d08c34405e5dc1b32f1d83265504e5fa97b12c9532146c86b44f081b7b6b424","transactionIndex":71,"type":"0x0","events":{"bindUserRelation":{"address":"0x853F2B2adc10e1Fa307693dA7d23cFe65814caA3","blockNumber":19287821,"transactionHash":"0x3d08c34405e5dc1b32f1d83265504e5fa97b12c9532146c86b44f081b7b6b424","transactionIndex":71,"blockHash":"0xbcc6bfd2632aec0ed395413aeb71cae6eb444aadd0362da2298563aca0f856e6","logIndex":163,"removed":false,"id":"log_a5860bda","returnValues":{"0":"0xa232A409400fa5EaDb36F994efdD1b652b0648fd","1":"0x68c2a3faC755b334cA3d55118caDC2F77Ac4d632","2":"0xa232A409400fa5EaDb36F994efdD1b652b0648fd","from":"0xa232A409400fa5EaDb36F994efdD1b652b0648fd","to":"0x68c2a3faC755b334cA3d55118caDC2F77Ac4d632","inviterAdd":"0xa232A409400fa5EaDb36F994efdD1b652b0648fd"},"event":"bindUserRelation","signature":"0x743ab852271419f68b27f2c75bea2013cae9f0563198ea0d0bba9deee7bcd502","raw":{"data":"0x000000000000000000000000a232a409400fa5eadb36f994efdd1b652b0648fd00000000000000000000000068c2a3fac755b334ca3d55118cadc2f77ac4d632000000000000000000000000a232a409400fa5eadb36f994efdd1b652b0648fd","topics":["0x743ab852271419f68b27f2c75bea2013cae9f0563198ea0d0bba9deee7bcd502"]}}}}}
执行日期：2022-07-05 15:18:40
【IDO订单发放B币】order_id:22。转账API:{"code":1,"msg":"success","data":"0xe1d31393ffad36ca41a8dfaf3b3f2c08b900a288b885f4a9668c41ac6616075e"}
执行日期：2022-07-05 15:30:31
【提现】privateKey:0xa4e29032fe4f0b2c57ec425aa2a044d6038388f4c404d80bc399102a82ef81ec
执行日期：2022-07-05 15:30:31
【提现】user_id:31
执行日期：2022-07-05 15:30:31
【提现】contract_address:0x37b7D757974E9A192a0D73203DeB2667E005E23e
执行日期：2022-07-05 15:30:31
【提现】privateKey:0xa4e29032fe4f0b2c57ec425aa2a044d6038388f4c404d80bc399102a82ef81ec
执行日期：2022-07-05 15:30:37
【提现】id:1returnapi:{"code":1,"msg":"success","data":"0xc38eca324d0eb74638cbe7d19f3c2be90758b2836d93c3f30c2f3553769d6f83"}
执行日期：2022-07-05 15:31:12
【提现】privateKey:0xa4e29032fe4f0b2c57ec425aa2a044d6038388f4c404d80bc399102a82ef81ec
执行日期：2022-07-05 15:31:12
【提现】user_id:35
执行日期：2022-07-05 15:31:12
【提现】contract_address:0x37b7D757974E9A192a0D73203DeB2667E005E23e
执行日期：2022-07-05 15:31:12
【提现】privateKey:0xa4e29032fe4f0b2c57ec425aa2a044d6038388f4c404d80bc399102a82ef81ec
执行日期：2022-07-05 15:31:18
【提现】id:2returnapi:{"code":1,"msg":"success","data":"0x610983a13bdcd655628112c4819ca0631261345ff5c094b8277874a9d1ebae67"}
执行日期：2022-07-05 15:32:08
【提现】privateKey:0xa4e29032fe4f0b2c57ec425aa2a044d6038388f4c404d80bc399102a82ef81ec
执行日期：2022-07-05 15:32:08
【提现】user_id:18
执行日期：2022-07-05 15:32:08
【提现】contract_address:0x37b7D757974E9A192a0D73203DeB2667E005E23e
执行日期：2022-07-05 15:32:08
【提现】privateKey:0xa4e29032fe4f0b2c57ec425aa2a044d6038388f4c404d80bc399102a82ef81ec
执行日期：2022-07-05 15:32:16
【提现】id:3returnapi:{"code":1,"msg":"success","data":"0xbb5bab3d51759e1ae5c85d3b18fa36963cb11bdd8b32e44cf8e5eb9c91c0782c"}
执行日期：2022-07-05 15:32:16
【提现】privateKey:0xa4e29032fe4f0b2c57ec425aa2a044d6038388f4c404d80bc399102a82ef81ec
执行日期：2022-07-05 15:32:16
【提现】user_id:33
执行日期：2022-07-05 15:32:16
【提现】contract_address:0x37b7D757974E9A192a0D73203DeB2667E005E23e
执行日期：2022-07-05 15:32:16
【提现】privateKey:0xa4e29032fe4f0b2c57ec425aa2a044d6038388f4c404d80bc399102a82ef81ec
执行日期：2022-07-05 15:32:22
【提现】id:4returnapi:{"code":1,"msg":"success","data":"0xee7d20e5c1940420a90e0644fa23fcbcf514216b993e567f509d466c752bf08e"}
执行日期：2022-07-05 15:32:32
【提现】privateKey:0xa4e29032fe4f0b2c57ec425aa2a044d6038388f4c404d80bc399102a82ef81ec
执行日期：2022-07-05 15:32:32
【提现】user_id:30
执行日期：2022-07-05 15:32:32
【提现】contract_address:0x37b7D757974E9A192a0D73203DeB2667E005E23e
执行日期：2022-07-05 15:32:32
【提现】privateKey:0xa4e29032fe4f0b2c57ec425aa2a044d6038388f4c404d80bc399102a82ef81ec
执行日期：2022-07-05 15:32:37
【提现】id:5returnapi:{"code":1,"msg":"success","data":"0x318f17b46c804251d9b228568d0d2f6571c0f87f6e8ba2c0d05763664d09e84b"}
执行日期：2022-07-05 15:33:17
【提现】privateKey:0xa4e29032fe4f0b2c57ec425aa2a044d6038388f4c404d80bc399102a82ef81ec
执行日期：2022-07-05 15:33:17
【提现】user_id:38
执行日期：2022-07-05 15:33:17
【提现】contract_address:0x37b7D757974E9A192a0D73203DeB2667E005E23e
执行日期：2022-07-05 15:33:17
【提现】privateKey:0xa4e29032fe4f0b2c57ec425aa2a044d6038388f4c404d80bc399102a82ef81ec
执行日期：2022-07-05 15:33:25
【提现】id:6returnapi:{"code":1,"msg":"success","data":"0x04eb5687bd66634dc2bba3eaab40e3028c5b757840ebebd49b8f4263a9e88f03"}
执行日期：2022-07-05 15:33:45
【提现】privateKey:0xa4e29032fe4f0b2c57ec425aa2a044d6038388f4c404d80bc399102a82ef81ec
执行日期：2022-07-05 15:33:45
【提现】user_id:39
执行日期：2022-07-05 15:33:45
【提现】contract_address:0x37b7D757974E9A192a0D73203DeB2667E005E23e
执行日期：2022-07-05 15:33:45
【提现】privateKey:0xa4e29032fe4f0b2c57ec425aa2a044d6038388f4c404d80bc399102a82ef81ec
执行日期：2022-07-05 15:33:52
【提现】id:7returnapi:{"code":1,"msg":"success","data":"0x7b93b2627d35c00dc2188cb19ca40011b35f7369dfcd29dc8c458a4c12d9252d"}
执行日期：2022-07-05 16:12:33
【提现】privateKey:0x90b80c2a3c786a57bb59c37b5e2f6e93fd5ec988e7f2e83e621fcd81f9384cbf
执行日期：2022-07-05 16:12:33
【提现】user_id:18
执行日期：2022-07-05 16:12:33
【提现】contract_address:0x37b7D757974E9A192a0D73203DeB2667E005E23e
执行日期：2022-07-05 16:12:33
【提现】privateKey:0x90b80c2a3c786a57bb59c37b5e2f6e93fd5ec988e7f2e83e621fcd81f9384cbf
执行日期：2022-07-05 16:12:43
【提现】id:8returnapi:{"code":1,"msg":"success","data":"0x3beef0e5cbec131efb62c62ec46ed8f75b3dc4e698356c9891c65998ce20024f"}
执行日期：2022-07-05 16:12:43
【提现】privateKey:0x90b80c2a3c786a57bb59c37b5e2f6e93fd5ec988e7f2e83e621fcd81f9384cbf
执行日期：2022-07-05 16:12:43
【提现】user_id:30
执行日期：2022-07-05 16:12:43
【提现】contract_address:0x37b7D757974E9A192a0D73203DeB2667E005E23e
执行日期：2022-07-05 16:12:43
【提现】privateKey:0x90b80c2a3c786a57bb59c37b5e2f6e93fd5ec988e7f2e83e621fcd81f9384cbf
执行日期：2022-07-05 16:12:49
【提现】id:9returnapi:{"code":1,"msg":"success","data":"0xd1966abf7630fdadfac8342dbd90c5df17421694be7c701661e516ced46bbe51"}
执行日期：2022-07-06 15:36:05
【IDO订单发放B币】order_id:1。转账API:{"code":1,"msg":"success","data":"0xef55f6c86ed49096160e8b7730aa60e0b0d1b7f1904fb236214312861d6c3e45"}
执行日期：2022-07-06 15:36:53
【合伙人质押发放B币】order_id:1。转账API:{"code":1,"msg":"success","data":"0x753dc22567a8891d9a471af9d307273b7ab05f91c799f7354eff5d6d946a73aa"}
执行日期：2022-07-06 15:38:46
【IDO订单发放B币】order_id:2。转账API:{"code":1,"msg":"success","data":"0xf27afefb2b92b2c016dbec8ab14c96b41317a991147f78c762b798bc461b6f06"}
执行日期：2022-07-06 15:39:47
【IDO订单发放B币】order_id:3。转账API:{"code":1,"msg":"success","data":"0xc99e1e8237c989da63a7a45d2d29447e4b7cf9db761952064114fe9092f095a2"}
执行日期：2022-07-06 15:40:21
【IDO订单发放B币】order_id:4。转账API:{"code":1,"msg":"success","data":"0x3505f8d27cc6abbd9a0f75360e9cd69ff16efbe2e4909d2e6f6996210e5f78fa"}
执行日期：2022-07-06 15:40:53
【IDO订单发放B币】order_id:5。转账API:{"code":1,"msg":"success","data":"0x4fc9cb617c809180638a9406824507a7c5a4ee0d2ed525fd1f708311ef135288"}
执行日期：2022-07-06 15:42:03
【IDO订单发放B币】order_id:6。转账API:{"code":1,"msg":"success","data":"0x7575100c5d55f174fc39826d2c2838240dc153648191f6ccfb37156c281c3347"}
执行日期：2022-07-06 15:42:41
【IDO订单发放B币】order_id:7。转账API:{"code":1,"msg":"success","data":"0x02de102e94d670fc8de112c50ce91474f180e8cb2765311152fb3ce88e42351e"}
执行日期：2022-07-06 15:43:14
【IDO订单发放B币】order_id:8。转账API:{"code":1,"msg":"success","data":"0x17c189909f03782047d8cd1716d4a6e325f107b009259540b8a10517fb461f02"}
执行日期：2022-07-06 15:43:52
【IDO订单发放B币】order_id:9。转账API:{"code":1,"msg":"success","data":"0x681e0435adc3b402f7475864a02474aa9061031d52bea45b027d5796a5c3fb93"}
执行日期：2022-07-06 15:44:14
【IDO订单发放B币】order_id:10。转账API:{"code":1,"msg":"success","data":"0xe78fa4c04448cc29abea78a01c960392e9630fd611f1ca69e711ade3486ebae1"}
执行日期：2022-07-06 15:44:38
【IDO订单发放B币】order_id:11。转账API:{"code":1,"msg":"success","data":"0x31417e4c91d8964efcf5614a3446e72cd2b5743486d8c51b640754c4a5a88eed"}
执行日期：2022-07-06 15:45:29
【IDO订单发放B币】order_id:12。转账API:{"code":1,"msg":"success","data":"0xe2c34be9632e6057d1727f77d72798cb8a2e2e0f53c57731916a48c373a33398"}
执行日期：2022-07-06 15:46:02
【IDO订单发放B币】order_id:13。转账API:{"code":1,"msg":"success","data":"0x602dfb593dfd3c4d34621df205cf154d94c7187c62b2ba6ca96154e346cf5210"}
执行日期：2022-07-06 15:46:47
order|nft|1【查询是否到账开始】
执行日期：2022-07-06 15:46:52
支付成功
执行日期：2022-07-06 15:46:59
【合伙人质押赎回】order_id:1。转账API:{"code":1,"msg":"success","data":"0x00785294321d84d6231c2a17c02d71c17c2b70bb6f9450638d7a78f035888b78"}
执行日期：2022-07-06 15:49:37
transaction|nft|1【查询是否到账开始】
执行日期：2022-07-06 15:49:37
transaction|nft|1【NFT查询是否到账开始】{"code":1,"msg":"success","data":{"blockHash":"0xe492a39bd092e82e2753c21f98ca37079d7684949098c283090f5cf25c6b1deb","blockNumber":19317220,"from":"0x43e211b96Cf4BAf9Fc22637757b2CfB7769f7Ef8","gas":36115,"gasPrice":"5355000000","hash":"0x73164857230c5e554c53faf4612a79ec219e83e485044e85e57a0a8c3ad13bf4","input":"0xa9059cbb000000000000000000000000f24b387c76e61672096e7a8b4fcf6e6cfb898d3400000000000000000000000000000000000000000000000ad78ebc5ac6200000","nonce":1,"to":"0x55d398326f99059fF775485246999027B3197955","transactionIndex":38,"value":"0","type":"0x0","v":"0x94","r":"0xb84f17815d302fe69df5c732b6c496f2888d32df078e3db496f260c23c6d82ba","s":"0x2b2c32f332ef65d0b92b6307e1dac1eb16a343e2b8f59f6ecae5d31236187d08","to_address":"0xf24B387C76e61672096E7a8B4fcF6e6cFB898d34","amount":"200000000000000000000"}}
执行日期：2022-07-06 15:49:37
marketPaySuccess进来了
执行日期：2022-07-06 15:51:44
partner_pay|partner|1认购A币付款查询
执行日期：2022-07-06 17:19:00
【合伙人质押发放B币】order_id:2。转账API:{"code":1,"msg":"success","data":"0x9787a7833da980fff0d471f1949c61150e0e3d9d20307107c8f3254996a7c665"}
